[2015/03/17 17:40:47 KST] [INFO] (main.setupLogging:69) Redirectoring logging to influxdb.log
[2015/03/17 17:40:47 KST] [INFO] (main.start:164) Starting Influx Server 0.8.8 bound to 0.0.0.0...
[2015/03/17 17:40:47 KST] [INFO] (github.com/influxdb/influxdb/server.NewServer:43) Opening database at /tmp/influxdb/development/db
[2015/03/17 17:40:47 KST] [INFO] (github.com/influxdb/influxdb/wal.NewWAL:40) Opening wal in /tmp/influxdb/development/wal
[2015/03/17 17:40:47 KST] [INFO] (github.com/influxdb/influxdb/api/http.(*HttpServer).EnableSsl:74) Ssl will be disabled since the ssl port or certificate path weren't set
[2015/03/17 17:41:22 KST] [INFO] (main.setupLogging:69) Redirectoring logging to influxdb.log
[2015/03/17 17:41:22 KST] [INFO] (main.start:164) Starting Influx Server 0.8.8 bound to 0.0.0.0...
[2015/03/17 17:41:22 KST] [INFO] (github.com/influxdb/influxdb/server.NewServer:43) Opening database at /tmp/influxdb/development/db
[2015/03/17 17:41:22 KST] [INFO] (github.com/influxdb/influxdb/wal.NewWAL:40) Opening wal in /tmp/influxdb/development/wal
[2015/03/17 17:41:22 KST] [INFO] (github.com/influxdb/influxdb/api/http.(*HttpServer).EnableSsl:74) Ssl will be disabled since the ssl port or certificate path weren't set
[2015/03/17 17:41:22 KST] [INFO] (github.com/influxdb/influxdb/coordinator.(*RaftServer).Serve:566) Initializing Raft HTTP server
[2015/03/17 17:41:22 KST] [INFO] (github.com/influxdb/influxdb/coordinator.(*RaftServer).Serve:576) Raft Server Listening at 0.0.0.0:8090
[2015/03/17 17:41:22 KST] [INFO] (github.com/influxdb/influxdb/coordinator.(*RaftServer).startRaft:384) Initializing Raft Server: http://JiHunParkui-MacBook-Pro.local:8090
[2015/03/17 17:41:22 KST] [INFO] (github.com/influxdb/influxdb/cluster.(*ClusterConfiguration).Recovery:662) Recovering the cluster configuration
[2015/03/17 17:41:22 KST] [INFO] (github.com/influxdb/influxdb/cluster.(*ClusterConfiguration).Recovery:690) Checking whether dc23c99f34c185b5 is the local server dc23c99f34c185b5
[2015/03/17 17:41:22 KST] [INFO] (github.com/influxdb/influxdb/datastore.(*ShardDatastore).GetOrCreateShard:158) DATASTORE: opening or creating shard /tmp/influxdb/development/db/shard_db_v2/00005
[2015/03/17 17:41:22 KST] [INFO] (github.com/influxdb/influxdb/coordinator.(*RaftServer).startRaft:409) Recovered from log
[2015/03/17 17:41:22 KST] [INFO] (github.com/influxdb/influxdb/server.(*Server).ListenAndServe:96) Waiting for local server to be added
[2015/03/17 17:41:22 KST] [INFO] (github.com/influxdb/influxdb/wal.(*WAL).SetServerId:109) Setting server id to 1 and recovering
[2015/03/17 17:41:24 KST] [INFO] (github.com/influxdb/influxdb/coordinator.(*RaftServer).raftEventHandler:448) (raft:dc23c99f34c185b5) Selected as leader. Starting leader loop.
[2015/03/17 17:41:27 KST] [INFO] (github.com/influxdb/influxdb/server.(*Server).ListenAndServe:128) Recovering from log...
[2015/03/17 17:41:27 KST] [INFO] (github.com/influxdb/influxdb/cluster.NewWriteBuffer:30) local: Initializing write buffer with buffer size of 10000
[2015/03/17 17:41:27 KST] [INFO] (github.com/influxdb/influxdb/cluster.(*ClusterConfiguration).RecoverFromWAL:1203) Waiting for servers to recover
[2015/03/17 17:41:27 KST] [INFO] (github.com/influxdb/influxdb/cluster.func·005:1185) Recovering local server
[2015/03/17 17:41:27 KST] [INFO] (github.com/influxdb/influxdb/coordinator.(*ProtobufServer).ListenAndServe:66) ProtobufServer listening on 0.0.0.0:8099
[2015/03/17 17:41:27 KST] [INFO] (github.com/influxdb/influxdb/wal.(*WAL).RecoverServerFromLastCommit:131) Recovering server 1 from request 0
[2015/03/17 17:41:27 KST] [INFO] (github.com/influxdb/influxdb/cluster.func·005:1187) Recovered local server
[2015/03/17 17:41:27 KST] [INFO] (github.com/influxdb/influxdb/server.(*Server).ListenAndServe:133) recovered
[2015/03/17 17:41:27 KST] [INFO] (github.com/influxdb/influxdb/coordinator.(*Coordinator).ConnectToProtobufServers:898) Connecting to other nodes in the cluster
[2015/03/17 17:41:27 KST] [INFO] (github.com/influxdb/influxdb/server.(*Server).ListenAndServe:139) Starting admin interface on port 8083
[2015/03/17 17:41:27 KST] [INFO] (github.com/influxdb/influxdb/server.(*Server).ListenAndServe:156) Graphite input plugins is disabled
[2015/03/17 17:41:27 KST] [INFO] (github.com/influxdb/influxdb/server.(*Server).ListenAndServe:178) Collectd input plugins is disabled
[2015/03/17 17:41:27 KST] [INFO] (github.com/influxdb/influxdb/server.(*Server).ListenAndServe:187) UDP server is disabled
[2015/03/17 17:41:27 KST] [INFO] (github.com/influxdb/influxdb/server.(*Server).ListenAndServe:216) Starting Http Api server on port 8086
[2015/03/17 17:41:27 KST] [INFO] (github.com/influxdb/influxdb/server.(*Server).reportStats:254) Reporting stats: &client.Series{Name:"reports", Columns:[]string{"os", "arch", "id", "version"}, Points:[][]interface {}{[]interface {}{"darwin", "amd64", "dc23c99f34c185b5", "0.8.8"}}}
[2015/03/17 17:41:33 KST] [INFO] (github.com/influxdb/influxdb/coordinator.(*Coordinator).RunQuery:41) Start Query: db: cosmos, u: root, q: select * from /.*/
[2015/03/17 17:42:18 KST] [INFO] (github.com/influxdb/influxdb/coordinator.(*Coordinator).RunQuery:41) Start Query: db: cosmos, u: root, q: drop series planets
[2015/03/17 17:43:08 KST] [INFO] (github.com/influxdb/influxdb/coordinator.(*Coordinator).RunQuery:41) Start Query: db: cosmos, u: root, q: select * from /.*/
[2015/03/17 17:44:30 KST] [EROR] (github.com/influxdb/influxdb/coordinator.(*RaftServer).doOrProxyCommandOnce:168) Cannot run command &coordinator.CreateDatabaseCommand{Name:"cosmos"}. database cosmos exists
[2015/03/17 17:44:41 KST] [INFO] (github.com/influxdb/influxdb/coordinator.(*Coordinator).RunQuery:41) Start Query: db: cosmos, u: root, q: drop series containers_default_hostA
[2015/03/17 17:44:48 KST] [INFO] (github.com/influxdb/influxdb/coordinator.(*Coordinator).RunQuery:41) Start Query: db: cosmos, u: root, q: select * from /.*/
[2015/03/17 17:46:10 KST] [INFO] (github.com/influxdb/influxdb/coordinator.(*Coordinator).RunQuery:41) Start Query: db: cosmos, u: root, q: SELECT * FROM containers_default_hostA WHERE time >=  1426581807719s and time <=  1426581897719s
[2015/03/17 17:46:35 KST] [EROR] (github.com/influxdb/influxdb/coordinator.(*RaftServer).doOrProxyCommandOnce:168) Cannot run command &coordinator.CreateDatabaseCommand{Name:"cosmos"}. database cosmos exists
[2015/03/17 17:46:39 KST] [INFO] (github.com/influxdb/influxdb/coordinator.(*Coordinator).RunQuery:41) Start Query: db: cosmos, u: root, q: SELECT * FROM containers_default_hostA WHERE time >  1426581807719s and time <  1426581897719s
[2015/03/17 17:46:56 KST] [INFO] (github.com/influxdb/influxdb/coordinator.(*Coordinator).RunQuery:41) Start Query: db: cosmos, u: root, q: SELECT * FROM containers_default_hostA WHERE time > 1426581807719s and time < 1426581897719s
[2015/03/17 17:47:37 KST] [INFO] (github.com/influxdb/influxdb/coordinator.(*Coordinator).RunQuery:41) Start Query: db: cosmos, u: root, q: select * from /.*/ where time > 1426581807719s and time < 1426581897719s
[2015/03/17 17:47:42 KST] [INFO] (github.com/influxdb/influxdb/coordinator.(*Coordinator).RunQuery:41) Start Query: db: cosmos, u: root, q: select * from /.*/ where time > 1426581807719s
[2015/03/17 17:47:43 KST] [INFO] (github.com/influxdb/influxdb/coordinator.(*Coordinator).RunQuery:41) Start Query: db: cosmos, u: root, q: select * from /.*/ where time > 1426581807719
[2015/03/17 17:50:02 KST] [INFO] (github.com/influxdb/influxdb/coordinator.(*Coordinator).RunQuery:41) Start Query: db: cosmos, u: root, q: SELECT * FROM containers_default_hostA WHERE time > 1426581807s and time < 1426581897s
[2015/03/17 17:51:24 KST] [INFO] (github.com/influxdb/influxdb/coordinator.(*RaftServer).dropShardsWithRetentionPolicies:537) Checking for shards to drop
[2015/03/17 17:52:41 KST] [EROR] (github.com/influxdb/influxdb/coordinator.(*RaftServer).doOrProxyCommandOnce:168) Cannot run command &coordinator.CreateDatabaseCommand{Name:"cosmos"}. database cosmos exists
[2015/03/17 17:52:51 KST] [INFO] (github.com/influxdb/influxdb/coordinator.(*Coordinator).RunQuery:41) Start Query: db: cosmos, u: root, q: SELECT * FROM containers_default_hostA WHERE time > now() - 1h
[2015/03/17 17:52:58 KST] [INFO] (github.com/influxdb/influxdb/coordinator.(*Coordinator).RunQuery:41) Start Query: db: cosmos, u: root, q: SELECT * FROM containers_default_hostA WHERE time > now() - 1m
[2015/03/17 17:53:01 KST] [INFO] (github.com/influxdb/influxdb/coordinator.(*Coordinator).RunQuery:41) Start Query: db: cosmos, u: root, q: SELECT * FROM containers_default_hostA WHERE time > now() - 30m
[2015/03/17 17:56:52 KST] [INFO] (github.com/influxdb/influxdb/coordinator.(*Coordinator).RunQuery:41) Start Query: db: cosmos, u: root, q: SELECT * FROM planets
[2015/03/17 17:59:51 KST] [INFO] (github.com/influxdb/influxdb/coordinator.(*Coordinator).RunQuery:41) Start Query: db: cosmos, u: root, q: select * from /.*/ where time > 1426581807719
[2015/03/17 18:00:14 KST] [INFO] (github.com/influxdb/influxdb/coordinator.(*Coordinator).RunQuery:41) Start Query: db: cosmos, u: root, q: select * from /.*/
[2015/03/17 18:01:24 KST] [INFO] (github.com/influxdb/influxdb/coordinator.(*RaftServer).dropShardsWithRetentionPolicies:537) Checking for shards to drop
[2015/03/17 18:03:35 KST] [INFO] (github.com/influxdb/influxdb/coordinator.(*Coordinator).RunQuery:41) Start Query: db: cosmos, u: root, q: select * from /.*/
[2015/03/17 18:11:24 KST] [INFO] (github.com/influxdb/influxdb/coordinator.(*RaftServer).dropShardsWithRetentionPolicies:537) Checking for shards to drop
[2015/03/17 18:21:24 KST] [INFO] (github.com/influxdb/influxdb/coordinator.(*RaftServer).dropShardsWithRetentionPolicies:537) Checking for shards to drop
[2015/03/17 18:31:24 KST] [INFO] (github.com/influxdb/influxdb/coordinator.(*RaftServer).dropShardsWithRetentionPolicies:537) Checking for shards to drop
[2015/03/17 18:41:24 KST] [INFO] (github.com/influxdb/influxdb/coordinator.(*RaftServer).dropShardsWithRetentionPolicies:537) Checking for shards to drop
[2015/03/17 18:51:24 KST] [INFO] (github.com/influxdb/influxdb/coordinator.(*RaftServer).dropShardsWithRetentionPolicies:537) Checking for shards to drop
[2015/03/17 19:01:24 KST] [INFO] (github.com/influxdb/influxdb/coordinator.(*RaftServer).dropShardsWithRetentionPolicies:537) Checking for shards to drop
[2015/03/17 19:11:24 KST] [INFO] (github.com/influxdb/influxdb/coordinator.(*RaftServer).dropShardsWithRetentionPolicies:537) Checking for shards to drop
[2015/03/17 19:21:24 KST] [INFO] (github.com/influxdb/influxdb/coordinator.(*RaftServer).dropShardsWithRetentionPolicies:537) Checking for shards to drop
[2015/03/17 19:31:24 KST] [INFO] (github.com/influxdb/influxdb/coordinator.(*RaftServer).dropShardsWithRetentionPolicies:537) Checking for shards to drop
